[284月2024 18:49:34.726] [main/INFO] [cpw.mods.modlauncher.Launcher/MODLAUNCHER]: ModLauncher running: args [--launchTarget, forge_userdev_client, --version, MOD_DEV, --assetIndex, 12, --assetsDir, E:\.gradle\caches\forge_gradle\assets, --gameDir, ., --mixin.config, vmr.mixins.json]
[284月2024 18:49:34.732] [main/INFO] [cpw.mods.modlauncher.Launcher/MODLAUNCHER]: JVM identified as Oracle Corporation Java HotSpot(TM) 64-Bit Server VM 17.0.2+8-LTS-86
[284月2024 18:49:34.736] [main/INFO] [cpw.mods.modlauncher.Launcher/MODLAUNCHER]: ModLauncher 10.1.2 starting: java version 17.0.2 by Oracle Corporation; OS Windows 10 arch amd64 version 10.0
[284月2024 18:49:35.003] [main/INFO] [net.minecraftforge.fml.loading.ImmediateWindowHandler/]: Loading ImmediateWindowProvider fmlearlywindow
[284月2024 18:49:35.308] [main/INFO] [EARLYDISPLAY/]: Trying GL version 4.6
[284月2024 18:49:35.533] [main/INFO] [EARLYDISPLAY/]: Requested GL version 4.6 got version 4.6
[284月2024 18:49:35.912] [EarlyDisplay/INFO] [EARLYDISPLAY/]: GL info: Intel(R) HD Graphics 630 GL version 4.6.0 - Build 31.0.101.2121, Intel
[284月2024 18:49:35.961] [main/INFO] [mixin/]: SpongePowered MIXIN Subsystem Version=0.8.5 Source=jar:file:///E:/.gradle/caches/modules-2/files-2.1/org.spongepowered/mixin/0.8.5/9d1c0c3a304ae6697ecd477218fa61b850bf57fc/mixin-0.8.5.jar!/ Service=ModLauncher Env=CLIENT
[284月2024 18:49:37.231] [main/INFO] [net.minecraftforge.fml.loading.moddiscovery.JarInJarDependencyLocator/]: No dependencies to load found. Skipping!
[284月2024 18:49:38.904] [main/INFO] [cpw.mods.modlauncher.LaunchServiceHandler/MODLAUNCHER]: Launching target 'forge_userdev_client' with arguments [--version, MOD_DEV, --gameDir, ., --assetsDir, E:\.gradle\caches\forge_gradle\assets, --assetIndex, 12]
[284月2024 18:49:39.133] [main/WARN] [mixin/]: Reference map 'vmr.refmap.json' for vmr.mixins.json could not be read. If this is a development environment you can ignore this message
[284月2024 18:49:41.883] [main/WARN] [oshi.util.FileUtil/]: Configuration conflict: there is more than one oshi.properties file on the classpath: [jar:file:///E:/.gradle/caches/modules-2/files-2.1/com.github.oshi/oshi-core/6.4.5/943ba26de047eb6b28fff47f5ee939a34eb5fc8e/oshi-core-6.4.5.jar!/oshi.properties, jar:file:/E:/.gradle/caches/modules-2/files-2.1/com.github.oshi/oshi-core/6.4.5/943ba26de047eb6b28fff47f5ee939a34eb5fc8e/oshi-core-6.4.5.jar!/oshi.properties, jar:file:/E:/.gradle/caches/modules-2/files-2.1/com.github.oshi/oshi-core/6.4.5/943ba26de047eb6b28fff47f5ee939a34eb5fc8e/oshi-core-6.4.5.jar!/oshi.properties, jar:file:///E:/.gradle/caches/modules-2/files-2.1/com.github.oshi/oshi-core/6.4.5/943ba26de047eb6b28fff47f5ee939a34eb5fc8e/oshi-core-6.4.5.jar!/oshi.properties, jar:file:/E:/.gradle/caches/modules-2/files-2.1/com.github.oshi/oshi-core/6.4.5/943ba26de047eb6b28fff47f5ee939a34eb5fc8e/oshi-core-6.4.5.jar!/oshi.properties, jar:file:/E:/.gradle/caches/modules-2/files-2.1/com.github.oshi/oshi-core/6.4.5/943ba26de047eb6b28fff47f5ee939a34eb5fc8e/oshi-core-6.4.5.jar!/oshi.properties, jar:file:///E:/.gradle/caches/modules-2/files-2.1/com.github.oshi/oshi-core/6.4.5/943ba26de047eb6b28fff47f5ee939a34eb5fc8e/oshi-core-6.4.5.jar!/oshi.properties, jar:file:/E:/.gradle/caches/modules-2/files-2.1/com.github.oshi/oshi-core/6.4.5/943ba26de047eb6b28fff47f5ee939a34eb5fc8e/oshi-core-6.4.5.jar!/oshi.properties, jar:file:/E:/.gradle/caches/modules-2/files-2.1/com.github.oshi/oshi-core/6.4.5/943ba26de047eb6b28fff47f5ee939a34eb5fc8e/oshi-core-6.4.5.jar!/oshi.properties, jar:file:///E:/.gradle/caches/modules-2/files-2.1/com.github.oshi/oshi-core/6.4.5/943ba26de047eb6b28fff47f5ee939a34eb5fc8e/oshi-core-6.4.5.jar!/oshi.properties, jar:file:/E:/.gradle/caches/modules-2/files-2.1/com.github.oshi/oshi-core/6.4.5/943ba26de047eb6b28fff47f5ee939a34eb5fc8e/oshi-core-6.4.5.jar!/oshi.properties, jar:file:/E:/.gradle/caches/modules-2/files-2.1/com.github.oshi/oshi-core/6.4.5/943ba26de047eb6b28fff47f5ee939a34eb5fc8e/oshi-core-6.4.5.jar!/oshi.properties]
[284月2024 18:49:42.440] [main/WARN] [oshi.util.FileUtil/]: Configuration conflict: there is more than one oshi.architecture.properties file on the classpath: [jar:file:///E:/.gradle/caches/modules-2/files-2.1/com.github.oshi/oshi-core/6.4.5/943ba26de047eb6b28fff47f5ee939a34eb5fc8e/oshi-core-6.4.5.jar!/oshi.architecture.properties, jar:file:/E:/.gradle/caches/modules-2/files-2.1/com.github.oshi/oshi-core/6.4.5/943ba26de047eb6b28fff47f5ee939a34eb5fc8e/oshi-core-6.4.5.jar!/oshi.architecture.properties, jar:file:/E:/.gradle/caches/modules-2/files-2.1/com.github.oshi/oshi-core/6.4.5/943ba26de047eb6b28fff47f5ee939a34eb5fc8e/oshi-core-6.4.5.jar!/oshi.architecture.properties, jar:file:///E:/.gradle/caches/modules-2/files-2.1/com.github.oshi/oshi-core/6.4.5/943ba26de047eb6b28fff47f5ee939a34eb5fc8e/oshi-core-6.4.5.jar!/oshi.architecture.properties, jar:file:/E:/.gradle/caches/modules-2/files-2.1/com.github.oshi/oshi-core/6.4.5/943ba26de047eb6b28fff47f5ee939a34eb5fc8e/oshi-core-6.4.5.jar!/oshi.architecture.properties, jar:file:/E:/.gradle/caches/modules-2/files-2.1/com.github.oshi/oshi-core/6.4.5/943ba26de047eb6b28fff47f5ee939a34eb5fc8e/oshi-core-6.4.5.jar!/oshi.architecture.properties, jar:file:///E:/.gradle/caches/modules-2/files-2.1/com.github.oshi/oshi-core/6.4.5/943ba26de047eb6b28fff47f5ee939a34eb5fc8e/oshi-core-6.4.5.jar!/oshi.architecture.properties, jar:file:/E:/.gradle/caches/modules-2/files-2.1/com.github.oshi/oshi-core/6.4.5/943ba26de047eb6b28fff47f5ee939a34eb5fc8e/oshi-core-6.4.5.jar!/oshi.architecture.properties, jar:file:/E:/.gradle/caches/modules-2/files-2.1/com.github.oshi/oshi-core/6.4.5/943ba26de047eb6b28fff47f5ee939a34eb5fc8e/oshi-core-6.4.5.jar!/oshi.architecture.properties, jar:file:///E:/.gradle/caches/modules-2/files-2.1/com.github.oshi/oshi-core/6.4.5/943ba26de047eb6b28fff47f5ee939a34eb5fc8e/oshi-core-6.4.5.jar!/oshi.architecture.properties, jar:file:/E:/.gradle/caches/modules-2/files-2.1/com.github.oshi/oshi-core/6.4.5/943ba26de047eb6b28fff47f5ee939a34eb5fc8e/oshi-core-6.4.5.jar!/oshi.architecture.properties, jar:file:/E:/.gradle/caches/modules-2/files-2.1/com.github.oshi/oshi-core/6.4.5/943ba26de047eb6b28fff47f5ee939a34eb5fc8e/oshi-core-6.4.5.jar!/oshi.architecture.properties]
[284月2024 18:49:47.492] [Datafixer Bootstrap/INFO] [com.mojang.datafixers.DataFixerBuilder/]: 198 Datafixer optimizations took 232 milliseconds
[284月2024 18:49:49.906] [Render thread/WARN] [net.minecraft.server.packs.VanillaPackResourcesBuilder/]: Assets URL 'union:/E:/.gradle/caches/forge_gradle/minecraft_user_repo/net/minecraftforge/forge/1.20.4-49.0.42_mapped_official_1.20.4/forge-1.20.4-49.0.42_mapped_official_1.20.4-recomp.jar%230!/assets/.mcassetsroot' uses unexpected schema
[284月2024 18:49:49.906] [Render thread/WARN] [net.minecraft.server.packs.VanillaPackResourcesBuilder/]: Assets URL 'union:/E:/.gradle/caches/forge_gradle/minecraft_user_repo/net/minecraftforge/forge/1.20.4-49.0.42_mapped_official_1.20.4/forge-1.20.4-49.0.42_mapped_official_1.20.4-recomp.jar%230!/data/.mcassetsroot' uses unexpected schema
[284月2024 18:49:49.939] [Render thread/INFO] [com.mojang.authlib.yggdrasil.YggdrasilAuthenticationService/]: Environment: Environment[sessionHost=https://sessionserver.mojang.com, servicesHost=https://api.minecraftservices.com, name=PROD]
[284月2024 18:49:49.949] [Render thread/INFO] [net.minecraft.client.Minecraft/]: Setting user: Dev
[284月2024 18:49:50.119] [Render thread/INFO] [net.minecraft.client.Minecraft/]: Backend library: LWJGL version 3.3.2+13
[284月2024 18:49:50.505] [Render thread/FATAL] [net.minecraftforge.fml.ModLoader/LOADING]: File D:\MinecraftForgeMod\VapeManagerReborn\build\resources\main constructed 0 mods: [], but had 1 mods specified: [vmr]
[284月2024 18:49:50.505] [Render thread/FATAL] [net.minecraftforge.fml.ModLoader/LOADING]: The following classes are missing, but are reported in the mods.toml: [vmr]
[284月2024 18:49:50.506] [Render thread/FATAL] [net.minecraftforge.fml.ModLoader/LOADING]: The following mods are missing, but have classes in the jar: []
[284月2024 18:49:50.506] [Render thread/FATAL] [net.minecraftforge.fml.ModLoader/CORE]: Failed to initialize mod containers
net.minecraftforge.fml.ModLoadingException: The Mod File D:\MinecraftForgeMod\VapeManagerReborn\build\resources\main has mods that were not found
	at net.minecraftforge.fml.ModLoader.buildMods(ModLoader.java:278) ~[fmlcore-1.20.4-49.0.42.jar:1.0]
	at java.util.stream.ReferencePipeline$3$1.accept(ReferencePipeline.java:197) ~[?:?]
	at java.util.stream.ReferencePipeline$3$1.accept(ReferencePipeline.java:197) ~[?:?]
	at java.util.ArrayList$ArrayListSpliterator.forEachRemaining(ArrayList.java:1625) ~[?:?]
	at java.util.stream.AbstractPipeline.copyInto(AbstractPipeline.java:509) ~[?:?]
	at java.util.stream.AbstractPipeline.wrapAndCopyInto(AbstractPipeline.java:499) ~[?:?]
	at java.util.stream.AbstractPipeline.evaluate(AbstractPipeline.java:575) ~[?:?]
	at java.util.stream.AbstractPipeline.evaluateToArrayNode(AbstractPipeline.java:260) ~[?:?]
	at java.util.stream.ReferencePipeline.toArray(ReferencePipeline.java:616) ~[?:?]
	at java.util.stream.ReferencePipeline.toArray(ReferencePipeline.java:622) ~[?:?]
	at java.util.stream.ReferencePipeline.toList(ReferencePipeline.java:627) ~[?:?]
	at net.minecraftforge.fml.ModLoader.gatherAndInitializeMods(ModLoader.java:171) ~[fmlcore-1.20.4-49.0.42.jar:1.0]
	at net.minecraftforge.client.loading.ClientModLoader.lambda$begin$1(ClientModLoader.java:52) ~[forge-1.20.4-49.0.42_mapped_official_1.20.4-recomp.jar:?]
	at net.minecraftforge.client.loading.ClientModLoader.lambda$createRunnableWithCatch$4(ClientModLoader.java:72) ~[forge-1.20.4-49.0.42_mapped_official_1.20.4-recomp.jar:?]
	at net.minecraftforge.client.loading.ClientModLoader.begin(ClientModLoader.java:52) ~[forge-1.20.4-49.0.42_mapped_official_1.20.4-recomp.jar:?]
	at net.minecraft.client.Minecraft.<init>(Minecraft.java:484) ~[forge-1.20.4-49.0.42_mapped_official_1.20.4-recomp.jar:?]
	at net.minecraft.client.main.Main.main(Main.java:196) ~[forge-1.20.4-49.0.42_mapped_official_1.20.4-recomp.jar:?]
	at jdk.internal.reflect.NativeMethodAccessorImpl.invoke0(Native Method) ~[?:?]
	at jdk.internal.reflect.NativeMethodAccessorImpl.invoke(NativeMethodAccessorImpl.java:77) ~[?:?]
	at jdk.internal.reflect.DelegatingMethodAccessorImpl.invoke(DelegatingMethodAccessorImpl.java:43) ~[?:?]
	at java.lang.reflect.Method.invoke(Method.java:568) ~[?:?]
	at net.minecraftforge.fml.loading.targets.CommonLaunchHandler.runTarget(CommonLaunchHandler.java:91) ~[fmlloader-1.20.4-49.0.42.jar:?]
	at net.minecraftforge.fml.loading.targets.CommonLaunchHandler.lambda$makeService$0(CommonLaunchHandler.java:75) ~[fmlloader-1.20.4-49.0.42.jar:?]
	at cpw.mods.modlauncher.LaunchServiceHandler.launch(LaunchServiceHandler.java:54) ~[modlauncher-10.1.2.jar:?]
	at cpw.mods.modlauncher.LaunchServiceHandler.launch(LaunchServiceHandler.java:74) ~[modlauncher-10.1.2.jar:?]
	at cpw.mods.modlauncher.Launcher.run(Launcher.java:114) ~[modlauncher-10.1.2.jar:?]
	at cpw.mods.modlauncher.Launcher.main(Launcher.java:73) ~[modlauncher-10.1.2.jar:?]
	at cpw.mods.modlauncher.BootstrapEntry.main(BootstrapEntry.java:17) ~[modlauncher-10.1.2.jar:?]
	at net.minecraftforge.bootstrap.Bootstrap.moduleMain(Bootstrap.java:188) ~[bootstrap-2.1.0.jar!/:?]
	at jdk.internal.reflect.NativeMethodAccessorImpl.invoke0(Native Method) ~[?:?]
	at jdk.internal.reflect.NativeMethodAccessorImpl.invoke(NativeMethodAccessorImpl.java:77) ~[?:?]
	at jdk.internal.reflect.DelegatingMethodAccessorImpl.invoke(DelegatingMethodAccessorImpl.java:43) ~[?:?]
	at java.lang.reflect.Method.invoke(Method.java:568) ~[?:?]
	at net.minecraftforge.bootstrap.Bootstrap.bootstrapMain(Bootstrap.java:133) ~[bootstrap-2.1.0.jar!/:?]
	at net.minecraftforge.bootstrap.Bootstrap.start(Bootstrap.java:53) ~[bootstrap-2.1.0.jar!/:?]
	at net.minecraftforge.bootstrap.ForgeBootstrap.main(ForgeBootstrap.java:19) ~[bootstrap-2.1.0.jar!/:?]
[284月2024 18:49:50.706] [Render thread/ERROR] [net.minecraftforge.fml.ModLoader/]: Cowardly refusing to send event net.minecraftforge.client.event.sound.SoundEngineLoadEvent to a broken mod state
[284月2024 18:49:50.959] [Render thread/ERROR] [net.minecraftforge.fml.ModLoader/]: Cowardly refusing to send event net.minecraftforge.client.event.RegisterColorHandlersEvent$Block to a broken mod state
[284月2024 18:49:50.963] [Render thread/ERROR] [net.minecraftforge.fml.ModLoader/]: Cowardly refusing to send event net.minecraftforge.client.event.RegisterColorHandlersEvent$Item to a broken mod state
[284月2024 18:49:51.224] [Render thread/ERROR] [net.minecraftforge.fml.ModLoader/]: Cowardly refusing to send event net.minecraftforge.client.event.RenderLevelStageEvent$RegisterStageEvent to a broken mod state
[284月2024 18:49:51.322] [Render thread/ERROR] [net.minecraftforge.fml.ModLoader/]: Cowardly refusing to send event net.minecraftforge.client.event.RegisterParticleProvidersEvent to a broken mod state
[284月2024 18:49:51.416] [Render thread/ERROR] [net.minecraftforge.fml.ModLoader/]: Cowardly refusing to send event net.minecraftforge.client.event.RegisterClientReloadListenersEvent to a broken mod state
[284月2024 18:49:51.417] [Render thread/ERROR] [net.minecraftforge.fml.ModLoader/]: Cowardly refusing to send event net.minecraftforge.client.event.EntityRenderersEvent$RegisterLayerDefinitions to a broken mod state
[284月2024 18:49:51.417] [Render thread/ERROR] [net.minecraftforge.fml.ModLoader/]: Cowardly refusing to send event net.minecraftforge.client.event.EntityRenderersEvent$RegisterRenderers to a broken mod state
[284月2024 18:49:51.419] [Render thread/ERROR] [net.minecraftforge.fml.ModLoader/]: Cowardly refusing to send event net.minecraftforge.client.event.RegisterTextureAtlasSpriteLoadersEvent to a broken mod state
[284月2024 18:49:51.421] [Render thread/ERROR] [net.minecraftforge.fml.ModLoader/]: Cowardly refusing to send event net.minecraftforge.client.event.RegisterClientTooltipComponentFactoriesEvent to a broken mod state
[284月2024 18:49:51.422] [Render thread/ERROR] [net.minecraftforge.fml.ModLoader/]: Cowardly refusing to send event net.minecraftforge.client.event.RegisterEntitySpectatorShadersEvent to a broken mod state
[284月2024 18:49:51.422] [Render thread/ERROR] [net.minecraftforge.fml.ModLoader/]: Cowardly refusing to send event net.minecraftforge.client.event.RegisterKeyMappingsEvent to a broken mod state
[284月2024 18:49:51.426] [Render thread/ERROR] [net.minecraftforge.fml.ModLoader/]: Cowardly refusing to send event net.minecraftforge.client.event.RegisterRecipeBookCategoriesEvent to a broken mod state
[284月2024 18:49:51.436] [Render thread/ERROR] [net.minecraftforge.fml.ModLoader/]: Cowardly refusing to send event net.minecraftforge.client.event.RegisterGuiOverlaysEvent to a broken mod state
[284月2024 18:49:51.442] [Render thread/ERROR] [net.minecraftforge.fml.ModLoader/]: Cowardly refusing to send event net.minecraftforge.client.event.RegisterDimensionSpecialEffectsEvent to a broken mod state
[284月2024 18:49:51.445] [Render thread/ERROR] [net.minecraftforge.fml.ModLoader/]: Cowardly refusing to send event net.minecraftforge.client.event.RegisterNamedRenderTypesEvent to a broken mod state
[284月2024 18:49:51.446] [Render thread/ERROR] [net.minecraftforge.fml.ModLoader/]: Cowardly refusing to send event net.minecraftforge.client.event.RegisterColorHandlersEvent$ColorResolvers to a broken mod state
[284月2024 18:49:51.448] [Render thread/ERROR] [net.minecraftforge.fml.ModLoader/]: Cowardly refusing to send event net.minecraftforge.client.event.RegisterItemDecorationsEvent to a broken mod state
[284月2024 18:49:51.459] [Render thread/ERROR] [net.minecraftforge.fml.ModLoader/]: Cowardly refusing to send event net.minecraftforge.client.event.RegisterPresetEditorsEvent to a broken mod state
[284月2024 18:49:52.013] [Render thread/INFO] [net.minecraft.server.packs.resources.ReloadableResourceManager/]: Reloading ResourceManager: vanilla
[284月2024 18:49:52.125] [Render thread/ERROR] [net.minecraftforge.fml.ModLoader/]: Cowardly refusing to send event net.minecraftforge.client.event.ModelEvent$RegisterGeometryLoaders to a broken mod state
[284月2024 18:49:52.262] [Worker-Main-6/INFO] [net.minecraft.client.gui.font.providers.UnihexProvider/]: Found unifont_all_no_pua-15.1.04.hex, loading
[284月2024 18:49:53.729] [Render thread/INFO] [cn.ksmcbrigade.vmr.VapeManagerReborn/]: Vape Manager Reborn is done!
[284月2024 18:49:53.897] [Worker-Main-2/ERROR] [net.minecraftforge.fml.ModLoader/]: Cowardly refusing to send event net.minecraftforge.client.event.ModelEvent$RegisterAdditional to a broken mod state
[284月2024 18:49:54.976] [Worker-Main-2/ERROR] [net.minecraftforge.fml.ModLoader/]: Cowardly refusing to send event net.minecraftforge.client.event.ModelEvent$ModifyBakingResult to a broken mod state
[284月2024 18:49:55.082] [Render thread/WARN] [net.minecraft.client.sounds.SoundEngine/]: Missing sound for event: minecraft:item.goat_horn.play
[284月2024 18:49:55.082] [Render thread/WARN] [net.minecraft.client.sounds.SoundEngine/]: Missing sound for event: minecraft:entity.goat.screaming.horn_break
[284月2024 18:49:55.083] [Render thread/WARN] [net.minecraft.client.sounds.SoundEngine/]: Missing sound for event: minecraft:entity.generic.wind_burst
[284月2024 18:49:55.235] [Render thread/INFO] [com.mojang.blaze3d.audio.Library/]: OpenAL initialized on device OpenAL Soft on 扬声器 (Realtek High Definition Audio)
[284月2024 18:49:55.237] [Render thread/INFO] [net.minecraft.client.sounds.SoundEngine/SOUNDS]: Sound engine started
[284月2024 18:49:55.237] [Render thread/ERROR] [net.minecraftforge.fml.ModLoader/]: Cowardly refusing to send event net.minecraftforge.client.event.sound.SoundEngineLoadEvent to a broken mod state
[284月2024 18:49:55.381] [Render thread/INFO] [net.minecraft.client.renderer.texture.TextureAtlas/]: Created: 1024x512x4 minecraft:textures/atlas/blocks.png-atlas
[284月2024 18:49:55.490] [Render thread/ERROR] [net.minecraftforge.fml.ModLoader/]: Cowardly refusing to send event net.minecraftforge.client.event.TextureStitchEvent$Post to a broken mod state
[284月2024 18:49:55.491] [Render thread/INFO] [net.minecraft.client.renderer.texture.TextureAtlas/]: Created: 256x256x4 minecraft:textures/atlas/signs.png-atlas
[284月2024 18:49:55.493] [Render thread/ERROR] [net.minecraftforge.fml.ModLoader/]: Cowardly refusing to send event net.minecraftforge.client.event.TextureStitchEvent$Post to a broken mod state
[284月2024 18:49:55.493] [Render thread/INFO] [net.minecraft.client.renderer.texture.TextureAtlas/]: Created: 512x512x4 minecraft:textures/atlas/shield_patterns.png-atlas
[284月2024 18:49:55.497] [Render thread/ERROR] [net.minecraftforge.fml.ModLoader/]: Cowardly refusing to send event net.minecraftforge.client.event.TextureStitchEvent$Post to a broken mod state
[284月2024 18:49:55.498] [Render thread/INFO] [net.minecraft.client.renderer.texture.TextureAtlas/]: Created: 512x512x4 minecraft:textures/atlas/banner_patterns.png-atlas
[284月2024 18:49:55.503] [Render thread/ERROR] [net.minecraftforge.fml.ModLoader/]: Cowardly refusing to send event net.minecraftforge.client.event.TextureStitchEvent$Post to a broken mod state
[284月2024 18:49:55.503] [Render thread/INFO] [net.minecraft.client.renderer.texture.TextureAtlas/]: Created: 1024x1024x4 minecraft:textures/atlas/armor_trims.png-atlas
[284月2024 18:49:55.575] [Render thread/ERROR] [net.minecraftforge.fml.ModLoader/]: Cowardly refusing to send event net.minecraftforge.client.event.TextureStitchEvent$Post to a broken mod state
[284月2024 18:49:55.575] [Render thread/INFO] [net.minecraft.client.renderer.texture.TextureAtlas/]: Created: 128x64x4 minecraft:textures/atlas/decorated_pot.png-atlas
[284月2024 18:49:55.583] [Render thread/ERROR] [net.minecraftforge.fml.ModLoader/]: Cowardly refusing to send event net.minecraftforge.client.event.TextureStitchEvent$Post to a broken mod state
[284月2024 18:49:55.584] [Render thread/INFO] [net.minecraft.client.renderer.texture.TextureAtlas/]: Created: 256x256x4 minecraft:textures/atlas/chest.png-atlas
[284月2024 18:49:55.586] [Render thread/ERROR] [net.minecraftforge.fml.ModLoader/]: Cowardly refusing to send event net.minecraftforge.client.event.TextureStitchEvent$Post to a broken mod state
[284月2024 18:49:55.587] [Render thread/INFO] [net.minecraft.client.renderer.texture.TextureAtlas/]: Created: 512x256x4 minecraft:textures/atlas/beds.png-atlas
[284月2024 18:49:55.589] [Render thread/ERROR] [net.minecraftforge.fml.ModLoader/]: Cowardly refusing to send event net.minecraftforge.client.event.TextureStitchEvent$Post to a broken mod state
[284月2024 18:49:55.590] [Render thread/INFO] [net.minecraft.client.renderer.texture.TextureAtlas/]: Created: 512x256x4 minecraft:textures/atlas/shulker_boxes.png-atlas
[284月2024 18:49:55.592] [Render thread/ERROR] [net.minecraftforge.fml.ModLoader/]: Cowardly refusing to send event net.minecraftforge.client.event.TextureStitchEvent$Post to a broken mod state
[284月2024 18:49:55.593] [Render thread/ERROR] [net.minecraftforge.fml.ModLoader/]: Cowardly refusing to send event net.minecraftforge.client.event.ModelEvent$BakingCompleted to a broken mod state
[284月2024 18:49:55.770] [Render thread/ERROR] [net.minecraftforge.fml.ModLoader/]: Cowardly refusing to send event net.minecraftforge.client.event.EntityRenderersEvent$CreateSkullModels to a broken mod state
[284月2024 18:49:55.774] [Render thread/ERROR] [net.minecraftforge.fml.ModLoader/]: Cowardly refusing to send event net.minecraftforge.client.event.EntityRenderersEvent$CreateSkullModels to a broken mod state
[284月2024 18:49:55.940] [Render thread/ERROR] [net.minecraftforge.fml.ModLoader/]: Cowardly refusing to send event net.minecraftforge.client.event.EntityRenderersEvent$CreateSkullModels to a broken mod state
[284月2024 18:49:55.944] [Render thread/ERROR] [net.minecraftforge.fml.ModLoader/]: Cowardly refusing to send event net.minecraftforge.client.event.EntityRenderersEvent$CreateSkullModels to a broken mod state
[284月2024 18:49:55.946] [Render thread/ERROR] [net.minecraftforge.fml.ModLoader/]: Cowardly refusing to send event net.minecraftforge.client.event.EntityRenderersEvent$CreateSkullModels to a broken mod state
[284月2024 18:49:55.947] [Render thread/ERROR] [net.minecraftforge.fml.ModLoader/]: Cowardly refusing to send event net.minecraftforge.client.event.EntityRenderersEvent$CreateSkullModels to a broken mod state
[284月2024 18:49:55.952] [Render thread/ERROR] [net.minecraftforge.fml.ModLoader/]: Cowardly refusing to send event net.minecraftforge.client.event.EntityRenderersEvent$CreateSkullModels to a broken mod state
[284月2024 18:49:55.958] [Render thread/ERROR] [net.minecraftforge.fml.ModLoader/]: Cowardly refusing to send event net.minecraftforge.client.event.EntityRenderersEvent$CreateSkullModels to a broken mod state
[284月2024 18:49:55.960] [Render thread/ERROR] [net.minecraftforge.fml.ModLoader/]: Cowardly refusing to send event net.minecraftforge.client.event.EntityRenderersEvent$CreateSkullModels to a broken mod state
[284月2024 18:49:55.961] [Render thread/ERROR] [net.minecraftforge.fml.ModLoader/]: Cowardly refusing to send event net.minecraftforge.client.event.EntityRenderersEvent$CreateSkullModels to a broken mod state
[284月2024 18:49:55.967] [Render thread/ERROR] [net.minecraftforge.fml.ModLoader/]: Cowardly refusing to send event net.minecraftforge.client.event.EntityRenderersEvent$CreateSkullModels to a broken mod state
[284月2024 18:49:55.973] [Render thread/ERROR] [net.minecraftforge.fml.ModLoader/]: Cowardly refusing to send event net.minecraftforge.client.event.EntityRenderersEvent$CreateSkullModels to a broken mod state
[284月2024 18:49:55.978] [Render thread/ERROR] [net.minecraftforge.fml.ModLoader/]: Cowardly refusing to send event net.minecraftforge.client.event.EntityRenderersEvent$CreateSkullModels to a broken mod state
[284月2024 18:49:55.980] [Render thread/ERROR] [net.minecraftforge.fml.ModLoader/]: Cowardly refusing to send event net.minecraftforge.client.event.EntityRenderersEvent$CreateSkullModels to a broken mod state
[284月2024 18:49:55.981] [Render thread/ERROR] [net.minecraftforge.fml.ModLoader/]: Cowardly refusing to send event net.minecraftforge.client.event.EntityRenderersEvent$CreateSkullModels to a broken mod state
[284月2024 18:49:55.989] [Render thread/ERROR] [net.minecraftforge.fml.ModLoader/]: Cowardly refusing to send event net.minecraftforge.client.event.EntityRenderersEvent$CreateSkullModels to a broken mod state
[284月2024 18:49:55.990] [Render thread/ERROR] [net.minecraftforge.fml.ModLoader/]: Cowardly refusing to send event net.minecraftforge.client.event.EntityRenderersEvent$CreateSkullModels to a broken mod state
[284月2024 18:49:55.991] [Render thread/ERROR] [net.minecraftforge.fml.ModLoader/]: Cowardly refusing to send event net.minecraftforge.client.event.EntityRenderersEvent$CreateSkullModels to a broken mod state
[284月2024 18:49:55.995] [Render thread/ERROR] [net.minecraftforge.fml.ModLoader/]: Cowardly refusing to send event net.minecraftforge.client.event.EntityRenderersEvent$CreateSkullModels to a broken mod state
[284月2024 18:49:56.004] [Render thread/ERROR] [net.minecraftforge.fml.ModLoader/]: Cowardly refusing to send event net.minecraftforge.client.event.EntityRenderersEvent$CreateSkullModels to a broken mod state
[284月2024 18:49:56.005] [Render thread/ERROR] [net.minecraftforge.fml.ModLoader/]: Cowardly refusing to send event net.minecraftforge.client.event.EntityRenderersEvent$CreateSkullModels to a broken mod state
[284月2024 18:49:56.005] [Render thread/ERROR] [net.minecraftforge.fml.ModLoader/]: Cowardly refusing to send event net.minecraftforge.client.event.EntityRenderersEvent$AddLayers to a broken mod state
[284月2024 18:49:56.521] [Render thread/WARN] [net.minecraft.client.renderer.ShaderInstance/]: Shader rendertype_entity_translucent_emissive could not find sampler named Sampler2 in the specified shader program.
[284月2024 18:49:57.065] [Render thread/ERROR] [net.minecraftforge.fml.ModLoader/]: Cowardly refusing to send event net.minecraftforge.client.event.RegisterShadersEvent to a broken mod state
[284月2024 18:49:57.117] [Render thread/INFO] [net.minecraft.client.renderer.texture.TextureAtlas/]: Created: 512x256x0 minecraft:textures/atlas/particles.png-atlas
[284月2024 18:49:57.132] [Render thread/ERROR] [net.minecraftforge.fml.ModLoader/]: Cowardly refusing to send event net.minecraftforge.client.event.TextureStitchEvent$Post to a broken mod state
[284月2024 18:49:57.132] [Render thread/INFO] [net.minecraft.client.renderer.texture.TextureAtlas/]: Created: 256x256x0 minecraft:textures/atlas/paintings.png-atlas
[284月2024 18:49:57.134] [Render thread/ERROR] [net.minecraftforge.fml.ModLoader/]: Cowardly refusing to send event net.minecraftforge.client.event.TextureStitchEvent$Post to a broken mod state
[284月2024 18:49:57.135] [Render thread/INFO] [net.minecraft.client.renderer.texture.TextureAtlas/]: Created: 128x128x0 minecraft:textures/atlas/mob_effects.png-atlas
[284月2024 18:49:57.137] [Render thread/ERROR] [net.minecraftforge.fml.ModLoader/]: Cowardly refusing to send event net.minecraftforge.client.event.TextureStitchEvent$Post to a broken mod state
[284月2024 18:49:57.137] [Render thread/INFO] [net.minecraft.client.renderer.texture.TextureAtlas/]: Created: 1024x512x0 minecraft:textures/atlas/gui.png-atlas
[284月2024 18:49:57.159] [Render thread/ERROR] [net.minecraftforge.fml.ModLoader/]: Cowardly refusing to send event net.minecraftforge.client.event.TextureStitchEvent$Post to a broken mod state
[284月2024 18:49:57.436] [Render thread/WARN] [oshi.util.FileUtil/]: Configuration conflict: there is more than one oshi.architecture.properties file on the classpath: [jar:file:///E:/.gradle/caches/modules-2/files-2.1/com.github.oshi/oshi-core/6.4.5/943ba26de047eb6b28fff47f5ee939a34eb5fc8e/oshi-core-6.4.5.jar!/oshi.architecture.properties, jar:file:/E:/.gradle/caches/modules-2/files-2.1/com.github.oshi/oshi-core/6.4.5/943ba26de047eb6b28fff47f5ee939a34eb5fc8e/oshi-core-6.4.5.jar!/oshi.architecture.properties, jar:file:/E:/.gradle/caches/modules-2/files-2.1/com.github.oshi/oshi-core/6.4.5/943ba26de047eb6b28fff47f5ee939a34eb5fc8e/oshi-core-6.4.5.jar!/oshi.architecture.properties, jar:file:///E:/.gradle/caches/modules-2/files-2.1/com.github.oshi/oshi-core/6.4.5/943ba26de047eb6b28fff47f5ee939a34eb5fc8e/oshi-core-6.4.5.jar!/oshi.architecture.properties, jar:file:/E:/.gradle/caches/modules-2/files-2.1/com.github.oshi/oshi-core/6.4.5/943ba26de047eb6b28fff47f5ee939a34eb5fc8e/oshi-core-6.4.5.jar!/oshi.architecture.properties, jar:file:/E:/.gradle/caches/modules-2/files-2.1/com.github.oshi/oshi-core/6.4.5/943ba26de047eb6b28fff47f5ee939a34eb5fc8e/oshi-core-6.4.5.jar!/oshi.architecture.properties, jar:file:///E:/.gradle/caches/modules-2/files-2.1/com.github.oshi/oshi-core/6.4.5/943ba26de047eb6b28fff47f5ee939a34eb5fc8e/oshi-core-6.4.5.jar!/oshi.architecture.properties, jar:file:/E:/.gradle/caches/modules-2/files-2.1/com.github.oshi/oshi-core/6.4.5/943ba26de047eb6b28fff47f5ee939a34eb5fc8e/oshi-core-6.4.5.jar!/oshi.architecture.properties, jar:file:/E:/.gradle/caches/modules-2/files-2.1/com.github.oshi/oshi-core/6.4.5/943ba26de047eb6b28fff47f5ee939a34eb5fc8e/oshi-core-6.4.5.jar!/oshi.architecture.properties, jar:file:///E:/.gradle/caches/modules-2/files-2.1/com.github.oshi/oshi-core/6.4.5/943ba26de047eb6b28fff47f5ee939a34eb5fc8e/oshi-core-6.4.5.jar!/oshi.architecture.properties, jar:file:/E:/.gradle/caches/modules-2/files-2.1/com.github.oshi/oshi-core/6.4.5/943ba26de047eb6b28fff47f5ee939a34eb5fc8e/oshi-core-6.4.5.jar!/oshi.architecture.properties, jar:file:/E:/.gradle/caches/modules-2/files-2.1/com.github.oshi/oshi-core/6.4.5/943ba26de047eb6b28fff47f5ee939a34eb5fc8e/oshi-core-6.4.5.jar!/oshi.architecture.properties]
[284月2024 18:49:57.504] [Render thread/ERROR] [net.minecraft.CrashReport/]: Negative index in crash report handler (29/31)
[284月2024 18:49:57.548] [Render thread/FATAL] [net.minecraftforge.client.loading.ClientModLoader/]: Crash report saved to .\crash-reports\crash-2024-04-28_18.49.57-fml.txt
[284月2024 18:52:56.061] [Render thread/INFO] [net.minecraft.client.Minecraft/]: Stopping!
